<?xml version="1.0" encoding="UTF-8"?>
<testng-results skipped="0" failed="0" ignored="0" total="1" passed="1">
  <reporter-output>
  </reporter-output>
  <suite name="Suite" duration-ms="13948" started-at="2020-04-10T07:06:11Z" finished-at="2020-04-10T07:06:24Z">
    <groups>
    </groups>
    <test name="Test" duration-ms="13948" started-at="2020-04-10T07:06:11Z" finished-at="2020-04-10T07:06:24Z">
      <class name="com.muna.SampleSeleniumProject.TestClass1">
        <test-method status="PASS" signature="testMethod1()[pri:0, instance:com.muna.SampleSeleniumProject.TestClass1@4411d970]" name="testMethod1" duration-ms="13913" started-at="2020-04-10T07:06:11Z" finished-at="2020-04-10T07:06:24Z">
          <reporter-output>
          </reporter-output>
        </test-method> <!-- testMethod1 -->
      </class> <!-- com.muna.SampleSeleniumProject.TestClass1 -->
    </test> <!-- Test -->
  </suite> <!-- Suite -->
</testng-results>
