<?xml version="1.0" encoding="UTF-8"?>
<testng-results skipped="0" failed="0" ignored="0" total="1" passed="1">
  <reporter-output>
  </reporter-output>
  <suite name="Suite" duration-ms="14184" started-at="2020-04-10T07:05:37Z" finished-at="2020-04-10T07:05:51Z">
    <groups>
    </groups>
    <test name="Test" duration-ms="14184" started-at="2020-04-10T07:05:37Z" finished-at="2020-04-10T07:05:51Z">
      <class name="com.muna.SampleSeleniumProject.TestClass1">
        <test-method status="PASS" signature="testMethod1()[pri:0, instance:com.muna.SampleSeleniumProject.TestClass1@4cc0edeb]" name="testMethod1" duration-ms="14147" started-at="2020-04-10T07:05:37Z" finished-at="2020-04-10T07:05:51Z">
          <reporter-output>
          </reporter-output>
        </test-method> <!-- testMethod1 -->
      </class> <!-- com.muna.SampleSeleniumProject.TestClass1 -->
    </test> <!-- Test -->
  </suite> <!-- Suite -->
</testng-results>
